<?xml version="1.0" encoding="UTF-8"?>
<testsuite xmlns:xsi="http://www.w3.org/2001/XMLSchema-instance" xsi:noNamespaceSchemaLocation="https://maven.apache.org/surefire/maven-surefire-plugin/xsd/surefire-test-report-3.0.xsd" version="3.0" name="MantenimientoDaoTest" time="0.537" tests="1" errors="0" skipped="0" failures="0">
  <properties>
[...]
</properties>
  <testcase name="testObtenerUltimoKilometrajeMantenimiento" classname="MantenimientoDaoTest" time="0.134">
    <system-out><![CDATA[🔧 Iniciando pruebas de MantenimientoDao...
⚠️ ATENCIÓN: Se modificarán datos en la BD REAL
📌 Usando camión existente ID: 1 - Patente: A5B2C3
📝 Configurando prueba de mantenimiento para camión ID: 1
🔧 Probando obtenerUltimoKilometrajeMantenimiento()
📊 Último kilometraje para camión ID 1: 15000
🧹 Mantenimiento eliminado: Primer mantenimiento
🧹 Mantenimiento eliminado: Segundo mantenimiento
🧹 Limpiando después de prueba...
]]></system-out>
  </testcase>
</testsuite>